c:\users\csmjchal\onedrive - liverpool john moores university\semester 2\maths and graphics\assignment 1\sfml-assignment-1\assignment 1\assignment 1\x64\debug\vc142.pdb
c:\users\csmjchal\onedrive - liverpool john moores university\semester 2\maths and graphics\assignment 1\sfml-assignment-1\assignment 1\assignment 1\x64\debug\vc142.idb
c:\users\csmjchal\onedrive - liverpool john moores university\semester 2\maths and graphics\assignment 1\sfml-assignment-1\assignment 1\assignment 1\x64\debug\tools.obj
c:\users\csmjchal\onedrive - liverpool john moores university\semester 2\maths and graphics\assignment 1\sfml-assignment-1\assignment 1\assignment 1\x64\debug\textcontroller.obj
c:\users\csmjchal\onedrive - liverpool john moores university\semester 2\maths and graphics\assignment 1\sfml-assignment-1\assignment 1\assignment 1\x64\debug\spriteloader.obj
c:\users\csmjchal\onedrive - liverpool john moores university\semester 2\maths and graphics\assignment 1\sfml-assignment-1\assignment 1\assignment 1\x64\debug\roomcontroller.obj
c:\users\csmjchal\onedrive - liverpool john moores university\semester 2\maths and graphics\assignment 1\sfml-assignment-1\assignment 1\assignment 1\x64\debug\renderer.obj
c:\users\csmjchal\onedrive - liverpool john moores university\semester 2\maths and graphics\assignment 1\sfml-assignment-1\assignment 1\assignment 1\x64\debug\playercontroller.obj
c:\users\csmjchal\onedrive - liverpool john moores university\semester 2\maths and graphics\assignment 1\sfml-assignment-1\assignment 1\assignment 1\x64\debug\particlecontroller.obj
c:\users\csmjchal\onedrive - liverpool john moores university\semester 2\maths and graphics\assignment 1\sfml-assignment-1\assignment 1\assignment 1\x64\debug\menucontroller.obj
c:\users\csmjchal\onedrive - liverpool john moores university\semester 2\maths and graphics\assignment 1\sfml-assignment-1\assignment 1\assignment 1\x64\debug\gameobject.obj
c:\users\csmjchal\onedrive - liverpool john moores university\semester 2\maths and graphics\assignment 1\sfml-assignment-1\assignment 1\assignment 1\x64\debug\game.obj
c:\users\csmjchal\onedrive - liverpool john moores university\semester 2\maths and graphics\assignment 1\sfml-assignment-1\assignment 1\assignment 1\x64\debug\enemycontroller.obj
c:\users\csmjchal\onedrive - liverpool john moores university\semester 2\maths and graphics\assignment 1\sfml-assignment-1\assignment 1\assignment 1\x64\debug\endingcontroller.obj
c:\users\csmjchal\onedrive - liverpool john moores university\semester 2\maths and graphics\assignment 1\sfml-assignment-1\assignment 1\assignment 1\x64\debug\bulletcontroller.obj
c:\users\csmjchal\onedrive - liverpool john moores university\semester 2\maths and graphics\assignment 1\sfml-assignment-1\assignment 1\assignment 1\x64\debug\backgroundcontroller.obj
c:\users\csmjchal\onedrive - liverpool john moores university\semester 2\maths and graphics\assignment 1\sfml-assignment-1\assignment 1\assignment 1\x64\debug\assignment 1.obj
c:\users\csmjchal\onedrive - liverpool john moores university\semester 2\maths and graphics\assignment 1\sfml-assignment-1\assignment 1\x64\debug\assignment 1.pdb
c:\users\csmjchal\onedrive - liverpool john moores university\semester 2\maths and graphics\assignment 1\sfml-assignment-1\assignment 1\assignment 1\x64\debug\assignment 1.tlog\cl.command.1.tlog
c:\users\csmjchal\onedrive - liverpool john moores university\semester 2\maths and graphics\assignment 1\sfml-assignment-1\assignment 1\assignment 1\x64\debug\assignment 1.tlog\cl.read.1.tlog
c:\users\csmjchal\onedrive - liverpool john moores university\semester 2\maths and graphics\assignment 1\sfml-assignment-1\assignment 1\assignment 1\x64\debug\assignment 1.tlog\cl.write.1.tlog
c:\users\csmjchal\onedrive - liverpool john moores university\semester 2\maths and graphics\assignment 1\sfml-assignment-1\assignment 1\assignment 1\x64\debug\assignment 1.tlog\link-cvtres.read.1.tlog
c:\users\csmjchal\onedrive - liverpool john moores university\semester 2\maths and graphics\assignment 1\sfml-assignment-1\assignment 1\assignment 1\x64\debug\assignment 1.tlog\link-cvtres.write.1.tlog
c:\users\csmjchal\onedrive - liverpool john moores university\semester 2\maths and graphics\assignment 1\sfml-assignment-1\assignment 1\assignment 1\x64\debug\assignment 1.tlog\link-rc.read.1.tlog
c:\users\csmjchal\onedrive - liverpool john moores university\semester 2\maths and graphics\assignment 1\sfml-assignment-1\assignment 1\assignment 1\x64\debug\assignment 1.tlog\link-rc.write.1.tlog
c:\users\csmjchal\onedrive - liverpool john moores university\semester 2\maths and graphics\assignment 1\sfml-assignment-1\assignment 1\assignment 1\x64\debug\assignment 1.tlog\link.command.1.tlog
c:\users\csmjchal\onedrive - liverpool john moores university\semester 2\maths and graphics\assignment 1\sfml-assignment-1\assignment 1\assignment 1\x64\debug\assignment 1.tlog\link.read.1.tlog
c:\users\csmjchal\onedrive - liverpool john moores university\semester 2\maths and graphics\assignment 1\sfml-assignment-1\assignment 1\assignment 1\x64\debug\assignment 1.tlog\link.write.1.tlog
