Assignment 1.obj : error LNK2019: unresolved external symbol "__declspec(dllimport) public: __cdecl sf::Time::Time(void)" (__imp_??0Time@sf@@QEAA@XZ) referenced in function "public: __cdecl Game::Game(void)" (??0Game@@QEAA@XZ)
Assignment 1.obj : error LNK2019: unresolved external symbol "__declspec(dllimport) public: __cdecl sf::Clock::Clock(void)" (__imp_??0Clock@sf@@QEAA@XZ) referenced in function "public: __cdecl Game::Game(void)" (??0Game@@QEAA@XZ)
Assignment 1.obj : error LNK2019: unresolved external symbol "__declspec(dllimport) public: class sf::Time __cdecl sf::Clock::getElapsedTime(void)const " (__imp_?getElapsedTime@Clock@sf@@QEBA?AVTime@2@XZ) referenced in function "public: __cdecl Game::Game(void)" (??0Game@@QEAA@XZ)
Assignment 1.obj : error LNK2019: unresolved external symbol "__declspec(dllimport) public: __cdecl sf::RenderStates::RenderStates(void)" (__imp_??0RenderStates@sf@@QEAA@XZ) referenced in function "public: __cdecl Game::Game(void)" (??0Game@@QEAA@XZ)
RoomController.obj : error LNK2001: unresolved external symbol "__declspec(dllimport) public: __cdecl sf::RenderStates::RenderStates(void)" (__imp_??0RenderStates@sf@@QEAA@XZ)
Assignment 1.obj : error LNK2019: unresolved external symbol "__declspec(dllimport) public: __cdecl sf::VertexArray::VertexArray(void)" (__imp_??0VertexArray@sf@@QEAA@XZ) referenced in function "public: __cdecl RoomController::RoomController(void)" (??0RoomController@@QEAA@XZ)
Assignment 1.obj : error LNK2019: unresolved external symbol "__declspec(dllimport) public: virtual __cdecl sf::VertexArray::~VertexArray(void)" (__imp_??1VertexArray@sf@@UEAA@XZ) referenced in function "int `public: __cdecl RoomController::RoomController(void)'::`1'::dtor$2" (?dtor$2@?0???0RoomController@@QEAA@XZ@4HA)
EnemyController.obj : error LNK2001: unresolved external symbol "__declspec(dllimport) public: virtual __cdecl sf::VertexArray::~VertexArray(void)" (__imp_??1VertexArray@sf@@UEAA@XZ)
ParticleController.obj : error LNK2001: unresolved external symbol "__declspec(dllimport) public: __cdecl sf::Texture::Texture(void)" (__imp_??0Texture@sf@@QEAA@XZ)
RoomController.obj : error LNK2001: unresolved external symbol "__declspec(dllimport) public: __cdecl sf::Texture::Texture(void)" (__imp_??0Texture@sf@@QEAA@XZ)
SpriteLoader.obj : error LNK2001: unresolved external symbol "__declspec(dllimport) public: __cdecl sf::Texture::Texture(void)" (__imp_??0Texture@sf@@QEAA@XZ)
Assignment 1.obj : error LNK2001: unresolved external symbol "__declspec(dllimport) public: __cdecl sf::Texture::Texture(void)" (__imp_??0Texture@sf@@QEAA@XZ)
BulletController.obj : error LNK2001: unresolved external symbol "__declspec(dllimport) public: __cdecl sf::Texture::Texture(void)" (__imp_??0Texture@sf@@QEAA@XZ)
EnemyController.obj : error LNK2001: unresolved external symbol "__declspec(dllimport) public: __cdecl sf::Texture::Texture(void)" (__imp_??0Texture@sf@@QEAA@XZ)
MenuController.obj : error LNK2001: unresolved external symbol "__declspec(dllimport) public: __cdecl sf::Texture::Texture(void)" (__imp_??0Texture@sf@@QEAA@XZ)
PlayerController.obj : error LNK2001: unresolved external symbol "__declspec(dllimport) public: __cdecl sf::Texture::~Texture(void)" (__imp_??1Texture@sf@@QEAA@XZ)
RoomController.obj : error LNK2001: unresolved external symbol "__declspec(dllimport) public: __cdecl sf::Texture::~Texture(void)" (__imp_??1Texture@sf@@QEAA@XZ)
SpriteLoader.obj : error LNK2001: unresolved external symbol "__declspec(dllimport) public: __cdecl sf::Texture::~Texture(void)" (__imp_??1Texture@sf@@QEAA@XZ)
EnemyController.obj : error LNK2001: unresolved external symbol "__declspec(dllimport) public: __cdecl sf::Texture::~Texture(void)" (__imp_??1Texture@sf@@QEAA@XZ)
Game.obj : error LNK2001: unresolved external symbol "__declspec(dllimport) public: __cdecl sf::Texture::~Texture(void)" (__imp_??1Texture@sf@@QEAA@XZ)
MenuController.obj : error LNK2001: unresolved external symbol "__declspec(dllimport) public: __cdecl sf::Texture::~Texture(void)" (__imp_??1Texture@sf@@QEAA@XZ)
ParticleController.obj : error LNK2001: unresolved external symbol "__declspec(dllimport) public: __cdecl sf::Texture::~Texture(void)" (__imp_??1Texture@sf@@QEAA@XZ)
Assignment 1.obj : error LNK2001: unresolved external symbol "__declspec(dllimport) public: __cdecl sf::Texture::~Texture(void)" (__imp_??1Texture@sf@@QEAA@XZ)
BackgroundController.obj : error LNK2001: unresolved external symbol "__declspec(dllimport) public: __cdecl sf::Texture::~Texture(void)" (__imp_??1Texture@sf@@QEAA@XZ)
BulletController.obj : error LNK2001: unresolved external symbol "__declspec(dllimport) public: __cdecl sf::Texture::~Texture(void)" (__imp_??1Texture@sf@@QEAA@XZ)
EndingController.obj : error LNK2001: unresolved external symbol "__declspec(dllimport) public: __cdecl sf::Texture::~Texture(void)" (__imp_??1Texture@sf@@QEAA@XZ)
Assignment 1.obj : error LNK2019: unresolved external symbol "__declspec(dllimport) public: __cdecl sf::Font::Font(void)" (__imp_??0Font@sf@@QEAA@XZ) referenced in function "public: __cdecl TextController::TextController(void)" (??0TextController@@QEAA@XZ)
MenuController.obj : error LNK2001: unresolved external symbol "__declspec(dllimport) public: __cdecl sf::Font::Font(void)" (__imp_??0Font@sf@@QEAA@XZ)
Assignment 1.obj : error LNK2019: unresolved external symbol "__declspec(dllimport) public: __cdecl sf::Font::~Font(void)" (__imp_??1Font@sf@@QEAA@XZ) referenced in function "int `public: __cdecl TextController::TextController(void)'::`1'::dtor$0" (?dtor$0@?0???0TextController@@QEAA@XZ@4HA)
MenuController.obj : error LNK2001: unresolved external symbol "__declspec(dllimport) public: __cdecl sf::Font::~Font(void)" (__imp_??1Font@sf@@QEAA@XZ)
Assignment 1.obj : error LNK2019: unresolved external symbol "__declspec(dllimport) public: __cdecl sf::View::View(void)" (__imp_??0View@sf@@QEAA@XZ) referenced in function "public: __cdecl GameRenderer::GameRenderer(void)" (??0GameRenderer@@QEAA@XZ)
Assignment 1.obj : error LNK2019: unresolved external symbol "__declspec(dllimport) public: __cdecl sf::RenderTexture::RenderTexture(void)" (__imp_??0RenderTexture@sf@@QEAA@XZ) referenced in function "public: __cdecl BackgroundController::BackgroundController(void)" (??0BackgroundController@@QEAA@XZ)
EnemyController.obj : error LNK2001: unresolved external symbol "__declspec(dllimport) public: __cdecl sf::RenderTexture::RenderTexture(void)" (__imp_??0RenderTexture@sf@@QEAA@XZ)
MenuController.obj : error LNK2001: unresolved external symbol "__declspec(dllimport) public: __cdecl sf::RenderTexture::RenderTexture(void)" (__imp_??0RenderTexture@sf@@QEAA@XZ)
Assignment 1.obj : error LNK2019: unresolved external symbol "__declspec(dllimport) public: virtual __cdecl sf::RenderTexture::~RenderTexture(void)" (__imp_??1RenderTexture@sf@@UEAA@XZ) referenced in function "int `public: __cdecl BackgroundController::BackgroundController(void)'::`1'::dtor$1" (?dtor$1@?0???0BackgroundController@@QEAA@XZ@4HA)
EnemyController.obj : error LNK2001: unresolved external symbol "__declspec(dllimport) public: virtual __cdecl sf::RenderTexture::~RenderTexture(void)" (__imp_??1RenderTexture@sf@@UEAA@XZ)
Assignment 1.obj : error LNK2019: unresolved external symbol "__declspec(dllimport) public: __cdecl sf::RenderWindow::RenderWindow(void)" (__imp_??0RenderWindow@sf@@QEAA@XZ) referenced in function "public: __cdecl GameRenderer::GameRenderer(void)" (??0GameRenderer@@QEAA@XZ)
Assignment 1.obj : error LNK2019: unresolved external symbol "__declspec(dllimport) public: virtual __cdecl sf::RenderWindow::~RenderWindow(void)" (__imp_??1RenderWindow@sf@@UEAA@XZ) referenced in function "int `public: __cdecl GameRenderer::GameRenderer(void)'::`1'::dtor$0" (?dtor$0@?0???0GameRenderer@@QEAA@XZ@4HA)
TextController.obj : error LNK2001: unresolved external symbol "__declspec(dllimport) public: __cdecl sf::Sprite::Sprite(void)" (__imp_??0Sprite@sf@@QEAA@XZ)
MenuController.obj : error LNK2001: unresolved external symbol "__declspec(dllimport) public: __cdecl sf::Sprite::Sprite(void)" (__imp_??0Sprite@sf@@QEAA@XZ)
ParticleController.obj : error LNK2001: unresolved external symbol "__declspec(dllimport) public: __cdecl sf::Sprite::Sprite(void)" (__imp_??0Sprite@sf@@QEAA@XZ)
Renderer.obj : error LNK2001: unresolved external symbol "__declspec(dllimport) public: __cdecl sf::Sprite::Sprite(void)" (__imp_??0Sprite@sf@@QEAA@XZ)
RoomController.obj : error LNK2001: unresolved external symbol "__declspec(dllimport) public: __cdecl sf::Sprite::Sprite(void)" (__imp_??0Sprite@sf@@QEAA@XZ)
Assignment 1.obj : error LNK2001: unresolved external symbol "__declspec(dllimport) public: __cdecl sf::Sprite::Sprite(void)" (__imp_??0Sprite@sf@@QEAA@XZ)
BackgroundController.obj : error LNK2001: unresolved external symbol "__declspec(dllimport) public: __cdecl sf::Sprite::Sprite(void)" (__imp_??0Sprite@sf@@QEAA@XZ)
BulletController.obj : error LNK2001: unresolved external symbol "__declspec(dllimport) public: __cdecl sf::Sprite::Sprite(void)" (__imp_??0Sprite@sf@@QEAA@XZ)
EnemyController.obj : error LNK2001: unresolved external symbol "__declspec(dllimport) public: __cdecl sf::Sprite::Sprite(void)" (__imp_??0Sprite@sf@@QEAA@XZ)
TextController.obj : error LNK2001: unresolved external symbol "__declspec(dllimport) public: virtual __cdecl sf::Sprite::~Sprite(void)" (__imp_??1Sprite@sf@@UEAA@XZ)
MenuController.obj : error LNK2001: unresolved external symbol "__declspec(dllimport) public: virtual __cdecl sf::Sprite::~Sprite(void)" (__imp_??1Sprite@sf@@UEAA@XZ)
ParticleController.obj : error LNK2001: unresolved external symbol "__declspec(dllimport) public: virtual __cdecl sf::Sprite::~Sprite(void)" (__imp_??1Sprite@sf@@UEAA@XZ)
Renderer.obj : error LNK2001: unresolved external symbol "__declspec(dllimport) public: virtual __cdecl sf::Sprite::~Sprite(void)" (__imp_??1Sprite@sf@@UEAA@XZ)
RoomController.obj : error LNK2001: unresolved external symbol "__declspec(dllimport) public: virtual __cdecl sf::Sprite::~Sprite(void)" (__imp_??1Sprite@sf@@UEAA@XZ)
Assignment 1.obj : error LNK2001: unresolved external symbol "__declspec(dllimport) public: virtual __cdecl sf::Sprite::~Sprite(void)" (__imp_??1Sprite@sf@@UEAA@XZ)
BackgroundController.obj : error LNK2001: unresolved external symbol "__declspec(dllimport) public: virtual __cdecl sf::Sprite::~Sprite(void)" (__imp_??1Sprite@sf@@UEAA@XZ)
BulletController.obj : error LNK2001: unresolved external symbol "__declspec(dllimport) public: virtual __cdecl sf::Sprite::~Sprite(void)" (__imp_??1Sprite@sf@@UEAA@XZ)
EnemyController.obj : error LNK2001: unresolved external symbol "__declspec(dllimport) public: virtual __cdecl sf::Sprite::~Sprite(void)" (__imp_??1Sprite@sf@@UEAA@XZ)
Assignment 1.obj : error LNK2019: unresolved external symbol "__declspec(dllimport) public: __cdecl sf::Text::Text(void)" (__imp_??0Text@sf@@QEAA@XZ) referenced in function "public: __cdecl TextController::TextController(void)" (??0TextController@@QEAA@XZ)
MenuController.obj : error LNK2001: unresolved external symbol "__declspec(dllimport) public: __cdecl sf::Text::Text(void)" (__imp_??0Text@sf@@QEAA@XZ)
Assignment 1.obj : error LNK2019: unresolved external symbol "__declspec(dllimport) public: __cdecl sf::Music::Music(void)" (__imp_??0Music@sf@@QEAA@XZ) referenced in function "public: __cdecl EnemyController::EnemyController(void)" (??0EnemyController@@QEAA@XZ)
EnemyController.obj : error LNK2001: unresolved external symbol "__declspec(dllimport) public: __cdecl sf::Music::Music(void)" (__imp_??0Music@sf@@QEAA@XZ)
Assignment 1.obj : error LNK2019: unresolved external symbol "__declspec(dllimport) public: virtual __cdecl sf::Music::~Music(void)" (__imp_??1Music@sf@@UEAA@XZ) referenced in function "int `public: __cdecl RoomController::RoomController(void)'::`1'::dtor$13" (?dtor$13@?0???0RoomController@@QEAA@XZ@4HA)
EnemyController.obj : error LNK2001: unresolved external symbol "__declspec(dllimport) public: virtual __cdecl sf::Music::~Music(void)" (__imp_??1Music@sf@@UEAA@XZ)
PlayerController.obj : error LNK2001: unresolved external symbol "__declspec(dllimport) public: static class sf::Color const sf::Color::White" (__imp_?White@Color@sf@@2V12@B)
RoomController.obj : error LNK2001: unresolved external symbol "__declspec(dllimport) public: static class sf::Color const sf::Color::White" (__imp_?White@Color@sf@@2V12@B)
TextController.obj : error LNK2001: unresolved external symbol "__declspec(dllimport) public: static class sf::Color const sf::Color::White" (__imp_?White@Color@sf@@2V12@B)
Assignment 1.obj : error LNK2001: unresolved external symbol "__declspec(dllimport) public: static class sf::Color const sf::Color::White" (__imp_?White@Color@sf@@2V12@B)
EndingController.obj : error LNK2001: unresolved external symbol "__declspec(dllimport) public: static class sf::Color const sf::Color::White" (__imp_?White@Color@sf@@2V12@B)
EnemyController.obj : error LNK2001: unresolved external symbol "__declspec(dllimport) public: static class sf::Color const sf::Color::White" (__imp_?White@Color@sf@@2V12@B)
Game.obj : error LNK2001: unresolved external symbol "__declspec(dllimport) public: static class sf::Color const sf::Color::White" (__imp_?White@Color@sf@@2V12@B)
BackgroundController.obj : error LNK2019: unresolved external symbol "__declspec(dllimport) public: static class sf::Vector2<int> __cdecl sf::Mouse::getPosition(void)" (__imp_?getPosition@Mouse@sf@@SA?AV?$Vector2@H@2@XZ) referenced in function "public: void __cdecl BackgroundController::Update(void)" (?Update@BackgroundController@@QEAAXXZ)
MenuController.obj : error LNK2001: unresolved external symbol "__declspec(dllimport) public: static class sf::Vector2<int> __cdecl sf::Mouse::getPosition(void)" (__imp_?getPosition@Mouse@sf@@SA?AV?$Vector2@H@2@XZ)
TextController.obj : error LNK2001: unresolved external symbol "__declspec(dllimport) public: void __cdecl sf::Transformable::setPosition(float,float)" (__imp_?setPosition@Transformable@sf@@QEAAXMM@Z)
ParticleController.obj : error LNK2001: unresolved external symbol "__declspec(dllimport) public: void __cdecl sf::Transformable::setPosition(float,float)" (__imp_?setPosition@Transformable@sf@@QEAAXMM@Z)
PlayerController.obj : error LNK2001: unresolved external symbol "__declspec(dllimport) public: void __cdecl sf::Transformable::setPosition(float,float)" (__imp_?setPosition@Transformable@sf@@QEAAXMM@Z)
Renderer.obj : error LNK2001: unresolved external symbol "__declspec(dllimport) public: void __cdecl sf::Transformable::setPosition(float,float)" (__imp_?setPosition@Transformable@sf@@QEAAXMM@Z)
RoomController.obj : error LNK2001: unresolved external symbol "__declspec(dllimport) public: void __cdecl sf::Transformable::setPosition(float,float)" (__imp_?setPosition@Transformable@sf@@QEAAXMM@Z)
BackgroundController.obj : error LNK2001: unresolved external symbol "__declspec(dllimport) public: void __cdecl sf::Transformable::setPosition(float,float)" (__imp_?setPosition@Transformable@sf@@QEAAXMM@Z)
BulletController.obj : error LNK2001: unresolved external symbol "__declspec(dllimport) public: void __cdecl sf::Transformable::setPosition(float,float)" (__imp_?setPosition@Transformable@sf@@QEAAXMM@Z)
EnemyController.obj : error LNK2001: unresolved external symbol "__declspec(dllimport) public: void __cdecl sf::Transformable::setPosition(float,float)" (__imp_?setPosition@Transformable@sf@@QEAAXMM@Z)
MenuController.obj : error LNK2001: unresolved external symbol "__declspec(dllimport) public: void __cdecl sf::Transformable::setPosition(float,float)" (__imp_?setPosition@Transformable@sf@@QEAAXMM@Z)
BackgroundController.obj : error LNK2019: unresolved external symbol "__declspec(dllimport) public: void __cdecl sf::Texture::setRepeated(bool)" (__imp_?setRepeated@Texture@sf@@QEAAX_N@Z) referenced in function "public: void __cdecl BackgroundController::Update(void)" (?Update@BackgroundController@@QEAAXXZ)
SpriteLoader.obj : error LNK2001: unresolved external symbol "__declspec(dllimport) public: class sf::Texture & __cdecl sf::Texture::operator=(class sf::Texture const &)" (__imp_??4Texture@sf@@QEAAAEAV01@AEBV01@@Z)
MenuController.obj : error LNK2001: unresolved external symbol "__declspec(dllimport) public: class sf::Texture & __cdecl sf::Texture::operator=(class sf::Texture const &)" (__imp_??4Texture@sf@@QEAAAEAV01@AEBV01@@Z)
ParticleController.obj : error LNK2001: unresolved external symbol "__declspec(dllimport) public: class sf::Texture & __cdecl sf::Texture::operator=(class sf::Texture const &)" (__imp_??4Texture@sf@@QEAAAEAV01@AEBV01@@Z)
PlayerController.obj : error LNK2001: unresolved external symbol "__declspec(dllimport) public: class sf::Texture & __cdecl sf::Texture::operator=(class sf::Texture const &)" (__imp_??4Texture@sf@@QEAAAEAV01@AEBV01@@Z)
RoomController.obj : error LNK2001: unresolved external symbol "__declspec(dllimport) public: class sf::Texture & __cdecl sf::Texture::operator=(class sf::Texture const &)" (__imp_??4Texture@sf@@QEAAAEAV01@AEBV01@@Z)
BackgroundController.obj : error LNK2001: unresolved external symbol "__declspec(dllimport) public: class sf::Texture & __cdecl sf::Texture::operator=(class sf::Texture const &)" (__imp_??4Texture@sf@@QEAAAEAV01@AEBV01@@Z)
BulletController.obj : error LNK2001: unresolved external symbol "__declspec(dllimport) public: class sf::Texture & __cdecl sf::Texture::operator=(class sf::Texture const &)" (__imp_??4Texture@sf@@QEAAAEAV01@AEBV01@@Z)
EndingController.obj : error LNK2001: unresolved external symbol "__declspec(dllimport) public: class sf::Texture & __cdecl sf::Texture::operator=(class sf::Texture const &)" (__imp_??4Texture@sf@@QEAAAEAV01@AEBV01@@Z)
EnemyController.obj : error LNK2001: unresolved external symbol "__declspec(dllimport) public: class sf::Texture & __cdecl sf::Texture::operator=(class sf::Texture const &)" (__imp_??4Texture@sf@@QEAAAEAV01@AEBV01@@Z)
RoomController.obj : error LNK2001: unresolved external symbol "__declspec(dllimport) public: void __cdecl sf::RenderTarget::draw(class sf::Drawable const &,class sf::RenderStates const &)" (__imp_?draw@RenderTarget@sf@@QEAAXAEBVDrawable@2@AEBVRenderStates@2@@Z)
TextController.obj : error LNK2001: unresolved external symbol "__declspec(dllimport) public: void __cdecl sf::RenderTarget::draw(class sf::Drawable const &,class sf::RenderStates const &)" (__imp_?draw@RenderTarget@sf@@QEAAXAEBVDrawable@2@AEBVRenderStates@2@@Z)
BackgroundController.obj : error LNK2001: unresolved external symbol "__declspec(dllimport) public: void __cdecl sf::RenderTarget::draw(class sf::Drawable const &,class sf::RenderStates const &)" (__imp_?draw@RenderTarget@sf@@QEAAXAEBVDrawable@2@AEBVRenderStates@2@@Z)
EnemyController.obj : error LNK2001: unresolved external symbol "__declspec(dllimport) public: void __cdecl sf::RenderTarget::draw(class sf::Drawable const &,class sf::RenderStates const &)" (__imp_?draw@RenderTarget@sf@@QEAAXAEBVDrawable@2@AEBVRenderStates@2@@Z)
MenuController.obj : error LNK2001: unresolved external symbol "__declspec(dllimport) public: void __cdecl sf::RenderTarget::draw(class sf::Drawable const &,class sf::RenderStates const &)" (__imp_?draw@RenderTarget@sf@@QEAAXAEBVDrawable@2@AEBVRenderStates@2@@Z)
Renderer.obj : error LNK2001: unresolved external symbol "__declspec(dllimport) public: void __cdecl sf::RenderTarget::draw(class sf::Drawable const &,class sf::RenderStates const &)" (__imp_?draw@RenderTarget@sf@@QEAAXAEBVDrawable@2@AEBVRenderStates@2@@Z)
TextController.obj : error LNK2001: unresolved external symbol "__declspec(dllimport) public: bool __cdecl sf::RenderTexture::create(unsigned int,unsigned int,struct sf::ContextSettings const &)" (__imp_?create@RenderTexture@sf@@QEAA_NIIAEBUContextSettings@2@@Z)
BackgroundController.obj : error LNK2001: unresolved external symbol "__declspec(dllimport) public: bool __cdecl sf::RenderTexture::create(unsigned int,unsigned int,struct sf::ContextSettings const &)" (__imp_?create@RenderTexture@sf@@QEAA_NIIAEBUContextSettings@2@@Z)
EnemyController.obj : error LNK2001: unresolved external symbol "__declspec(dllimport) public: bool __cdecl sf::RenderTexture::create(unsigned int,unsigned int,struct sf::ContextSettings const &)" (__imp_?create@RenderTexture@sf@@QEAA_NIIAEBUContextSettings@2@@Z)
MenuController.obj : error LNK2001: unresolved external symbol "__declspec(dllimport) public: bool __cdecl sf::RenderTexture::create(unsigned int,unsigned int,struct sf::ContextSettings const &)" (__imp_?create@RenderTexture@sf@@QEAA_NIIAEBUContextSettings@2@@Z)
RoomController.obj : error LNK2001: unresolved external symbol "__declspec(dllimport) public: bool __cdecl sf::RenderTexture::create(unsigned int,unsigned int,struct sf::ContextSettings const &)" (__imp_?create@RenderTexture@sf@@QEAA_NIIAEBUContextSettings@2@@Z)
TextController.obj : error LNK2001: unresolved external symbol "__declspec(dllimport) public: class sf::Texture const & __cdecl sf::RenderTexture::getTexture(void)const " (__imp_?getTexture@RenderTexture@sf@@QEBAAEBVTexture@2@XZ)
BackgroundController.obj : error LNK2001: unresolved external symbol "__declspec(dllimport) public: class sf::Texture const & __cdecl sf::RenderTexture::getTexture(void)const " (__imp_?getTexture@RenderTexture@sf@@QEBAAEBVTexture@2@XZ)
EnemyController.obj : error LNK2001: unresolved external symbol "__declspec(dllimport) public: class sf::Texture const & __cdecl sf::RenderTexture::getTexture(void)const " (__imp_?getTexture@RenderTexture@sf@@QEBAAEBVTexture@2@XZ)
MenuController.obj : error LNK2001: unresolved external symbol "__declspec(dllimport) public: class sf::Texture const & __cdecl sf::RenderTexture::getTexture(void)const " (__imp_?getTexture@RenderTexture@sf@@QEBAAEBVTexture@2@XZ)
RoomController.obj : error LNK2001: unresolved external symbol "__declspec(dllimport) public: class sf::Texture const & __cdecl sf::RenderTexture::getTexture(void)const " (__imp_?getTexture@RenderTexture@sf@@QEBAAEBVTexture@2@XZ)
TextController.obj : error LNK2001: unresolved external symbol "__declspec(dllimport) public: void __cdecl sf::Sprite::setTexture(class sf::Texture const &,bool)" (__imp_?setTexture@Sprite@sf@@QEAAXAEBVTexture@2@_N@Z)
MenuController.obj : error LNK2001: unresolved external symbol "__declspec(dllimport) public: void __cdecl sf::Sprite::setTexture(class sf::Texture const &,bool)" (__imp_?setTexture@Sprite@sf@@QEAAXAEBVTexture@2@_N@Z)
ParticleController.obj : error LNK2001: unresolved external symbol "__declspec(dllimport) public: void __cdecl sf::Sprite::setTexture(class sf::Texture const &,bool)" (__imp_?setTexture@Sprite@sf@@QEAAXAEBVTexture@2@_N@Z)
PlayerController.obj : error LNK2001: unresolved external symbol "__declspec(dllimport) public: void __cdecl sf::Sprite::setTexture(class sf::Texture const &,bool)" (__imp_?setTexture@Sprite@sf@@QEAAXAEBVTexture@2@_N@Z)
RoomController.obj : error LNK2001: unresolved external symbol "__declspec(dllimport) public: void __cdecl sf::Sprite::setTexture(class sf::Texture const &,bool)" (__imp_?setTexture@Sprite@sf@@QEAAXAEBVTexture@2@_N@Z)
BackgroundController.obj : error LNK2001: unresolved external symbol "__declspec(dllimport) public: void __cdecl sf::Sprite::setTexture(class sf::Texture const &,bool)" (__imp_?setTexture@Sprite@sf@@QEAAXAEBVTexture@2@_N@Z)
BulletController.obj : error LNK2001: unresolved external symbol "__declspec(dllimport) public: void __cdecl sf::Sprite::setTexture(class sf::Texture const &,bool)" (__imp_?setTexture@Sprite@sf@@QEAAXAEBVTexture@2@_N@Z)
EndingController.obj : error LNK2001: unresolved external symbol "__declspec(dllimport) public: void __cdecl sf::Sprite::setTexture(class sf::Texture const &,bool)" (__imp_?setTexture@Sprite@sf@@QEAAXAEBVTexture@2@_N@Z)
EnemyController.obj : error LNK2001: unresolved external symbol "__declspec(dllimport) public: void __cdecl sf::Sprite::setTexture(class sf::Texture const &,bool)" (__imp_?setTexture@Sprite@sf@@QEAAXAEBVTexture@2@_N@Z)
MenuController.obj : error LNK2001: unresolved external symbol "__declspec(dllimport) public: void __cdecl sf::Sprite::setTextureRect(class sf::Rect<int> const &)" (__imp_?setTextureRect@Sprite@sf@@QEAAXAEBV?$Rect@H@2@@Z)
ParticleController.obj : error LNK2001: unresolved external symbol "__declspec(dllimport) public: void __cdecl sf::Sprite::setTextureRect(class sf::Rect<int> const &)" (__imp_?setTextureRect@Sprite@sf@@QEAAXAEBV?$Rect@H@2@@Z)
PlayerController.obj : error LNK2001: unresolved external symbol "__declspec(dllimport) public: void __cdecl sf::Sprite::setTextureRect(class sf::Rect<int> const &)" (__imp_?setTextureRect@Sprite@sf@@QEAAXAEBV?$Rect@H@2@@Z)
RoomController.obj : error LNK2001: unresolved external symbol "__declspec(dllimport) public: void __cdecl sf::Sprite::setTextureRect(class sf::Rect<int> const &)" (__imp_?setTextureRect@Sprite@sf@@QEAAXAEBV?$Rect@H@2@@Z)
BackgroundController.obj : error LNK2001: unresolved external symbol "__declspec(dllimport) public: void __cdecl sf::Sprite::setTextureRect(class sf::Rect<int> const &)" (__imp_?setTextureRect@Sprite@sf@@QEAAXAEBV?$Rect@H@2@@Z)
BulletController.obj : error LNK2001: unresolved external symbol "__declspec(dllimport) public: void __cdecl sf::Sprite::setTextureRect(class sf::Rect<int> const &)" (__imp_?setTextureRect@Sprite@sf@@QEAAXAEBV?$Rect@H@2@@Z)
EndingController.obj : error LNK2001: unresolved external symbol "__declspec(dllimport) public: void __cdecl sf::Sprite::setTextureRect(class sf::Rect<int> const &)" (__imp_?setTextureRect@Sprite@sf@@QEAAXAEBV?$Rect@H@2@@Z)
EnemyController.obj : error LNK2001: unresolved external symbol "__declspec(dllimport) public: void __cdecl sf::Sprite::setTextureRect(class sf::Rect<int> const &)" (__imp_?setTextureRect@Sprite@sf@@QEAAXAEBV?$Rect@H@2@@Z)
BackgroundController.obj : error LNK2019: unresolved external symbol "__declspec(dllimport) public: void __cdecl sf::Sprite::setColor(class sf::Color const &)" (__imp_?setColor@Sprite@sf@@QEAAXAEBVColor@2@@Z) referenced in function "public: void __cdecl BackgroundController::Update(void)" (?Update@BackgroundController@@QEAAXXZ)
EnemyController.obj : error LNK2001: unresolved external symbol "__declspec(dllimport) public: void __cdecl sf::Sprite::setColor(class sf::Color const &)" (__imp_?setColor@Sprite@sf@@QEAAXAEBVColor@2@@Z)
ParticleController.obj : error LNK2001: unresolved external symbol "__declspec(dllimport) public: void __cdecl sf::Sprite::setColor(class sf::Color const &)" (__imp_?setColor@Sprite@sf@@QEAAXAEBVColor@2@@Z)
RoomController.obj : error LNK2001: unresolved external symbol "__declspec(dllimport) public: __cdecl sf::Sprite::Sprite(class sf::Sprite const &)" (__imp_??0Sprite@sf@@QEAA@AEBV01@@Z)
TextController.obj : error LNK2001: unresolved external symbol "__declspec(dllimport) public: __cdecl sf::Sprite::Sprite(class sf::Sprite const &)" (__imp_??0Sprite@sf@@QEAA@AEBV01@@Z)
MenuController.obj : error LNK2001: unresolved external symbol "__declspec(dllimport) public: __cdecl sf::Sprite::Sprite(class sf::Sprite const &)" (__imp_??0Sprite@sf@@QEAA@AEBV01@@Z)
ParticleController.obj : error LNK2001: unresolved external symbol "__declspec(dllimport) public: __cdecl sf::Sprite::Sprite(class sf::Sprite const &)" (__imp_??0Sprite@sf@@QEAA@AEBV01@@Z)
PlayerController.obj : error LNK2001: unresolved external symbol "__declspec(dllimport) public: __cdecl sf::Sprite::Sprite(class sf::Sprite const &)" (__imp_??0Sprite@sf@@QEAA@AEBV01@@Z)
Renderer.obj : error LNK2001: unresolved external symbol "__declspec(dllimport) public: __cdecl sf::Sprite::Sprite(class sf::Sprite const &)" (__imp_??0Sprite@sf@@QEAA@AEBV01@@Z)
BackgroundController.obj : error LNK2001: unresolved external symbol "__declspec(dllimport) public: __cdecl sf::Sprite::Sprite(class sf::Sprite const &)" (__imp_??0Sprite@sf@@QEAA@AEBV01@@Z)
BulletController.obj : error LNK2001: unresolved external symbol "__declspec(dllimport) public: __cdecl sf::Sprite::Sprite(class sf::Sprite const &)" (__imp_??0Sprite@sf@@QEAA@AEBV01@@Z)
EndingController.obj : error LNK2001: unresolved external symbol "__declspec(dllimport) public: __cdecl sf::Sprite::Sprite(class sf::Sprite const &)" (__imp_??0Sprite@sf@@QEAA@AEBV01@@Z)
EnemyController.obj : error LNK2001: unresolved external symbol "__declspec(dllimport) public: __cdecl sf::Sprite::Sprite(class sf::Sprite const &)" (__imp_??0Sprite@sf@@QEAA@AEBV01@@Z)
RoomController.obj : error LNK2001: unresolved external symbol "__declspec(dllimport) public: static class sf::RenderStates const sf::RenderStates::Default" (__imp_?Default@RenderStates@sf@@2V12@B)
TextController.obj : error LNK2001: unresolved external symbol "__declspec(dllimport) public: static class sf::RenderStates const sf::RenderStates::Default" (__imp_?Default@RenderStates@sf@@2V12@B)
BackgroundController.obj : error LNK2001: unresolved external symbol "__declspec(dllimport) public: static class sf::RenderStates const sf::RenderStates::Default" (__imp_?Default@RenderStates@sf@@2V12@B)
EnemyController.obj : error LNK2001: unresolved external symbol "__declspec(dllimport) public: static class sf::RenderStates const sf::RenderStates::Default" (__imp_?Default@RenderStates@sf@@2V12@B)
MenuController.obj : error LNK2001: unresolved external symbol "__declspec(dllimport) public: static class sf::RenderStates const sf::RenderStates::Default" (__imp_?Default@RenderStates@sf@@2V12@B)
Renderer.obj : error LNK2001: unresolved external symbol "__declspec(dllimport) public: static class sf::RenderStates const sf::RenderStates::Default" (__imp_?Default@RenderStates@sf@@2V12@B)
PlayerController.obj : error LNK2001: unresolved external symbol "__declspec(dllimport) public: void __cdecl sf::Transformable::setRotation(float)" (__imp_?setRotation@Transformable@sf@@QEAAXM@Z)
BulletController.obj : error LNK2001: unresolved external symbol "__declspec(dllimport) public: void __cdecl sf::Transformable::setRotation(float)" (__imp_?setRotation@Transformable@sf@@QEAAXM@Z)
EndingController.obj : error LNK2001: unresolved external symbol "__declspec(dllimport) public: void __cdecl sf::Transformable::setRotation(float)" (__imp_?setRotation@Transformable@sf@@QEAAXM@Z)
EnemyController.obj : error LNK2001: unresolved external symbol "__declspec(dllimport) public: void __cdecl sf::Transformable::setRotation(float)" (__imp_?setRotation@Transformable@sf@@QEAAXM@Z)
MenuController.obj : error LNK2001: unresolved external symbol "__declspec(dllimport) public: void __cdecl sf::Transformable::setRotation(float)" (__imp_?setRotation@Transformable@sf@@QEAAXM@Z)
ParticleController.obj : error LNK2001: unresolved external symbol "__declspec(dllimport) public: void __cdecl sf::Transformable::setScale(float,float)" (__imp_?setScale@Transformable@sf@@QEAAXMM@Z)
PlayerController.obj : error LNK2001: unresolved external symbol "__declspec(dllimport) public: void __cdecl sf::Transformable::setScale(float,float)" (__imp_?setScale@Transformable@sf@@QEAAXMM@Z)
RoomController.obj : error LNK2001: unresolved external symbol "__declspec(dllimport) public: void __cdecl sf::Transformable::setScale(float,float)" (__imp_?setScale@Transformable@sf@@QEAAXMM@Z)
TextController.obj : error LNK2001: unresolved external symbol "__declspec(dllimport) public: void __cdecl sf::Transformable::setScale(float,float)" (__imp_?setScale@Transformable@sf@@QEAAXMM@Z)
BulletController.obj : error LNK2001: unresolved external symbol "__declspec(dllimport) public: void __cdecl sf::Transformable::setScale(float,float)" (__imp_?setScale@Transformable@sf@@QEAAXMM@Z)
EndingController.obj : error LNK2001: unresolved external symbol "__declspec(dllimport) public: void __cdecl sf::Transformable::setScale(float,float)" (__imp_?setScale@Transformable@sf@@QEAAXMM@Z)
EnemyController.obj : error LNK2001: unresolved external symbol "__declspec(dllimport) public: void __cdecl sf::Transformable::setScale(float,float)" (__imp_?setScale@Transformable@sf@@QEAAXMM@Z)
MenuController.obj : error LNK2001: unresolved external symbol "__declspec(dllimport) public: void __cdecl sf::Transformable::setScale(float,float)" (__imp_?setScale@Transformable@sf@@QEAAXMM@Z)
ParticleController.obj : error LNK2019: unresolved external symbol "__declspec(dllimport) public: void __cdecl sf::Transformable::setOrigin(float,float)" (__imp_?setOrigin@Transformable@sf@@QEAAXMM@Z) referenced in function "public: void __cdecl Particle::Update(void)" (?Update@Particle@@QEAAXXZ)
PlayerController.obj : error LNK2001: unresolved external symbol "__declspec(dllimport) public: void __cdecl sf::Transformable::setOrigin(float,float)" (__imp_?setOrigin@Transformable@sf@@QEAAXMM@Z)
RoomController.obj : error LNK2001: unresolved external symbol "__declspec(dllimport) public: void __cdecl sf::Transformable::setOrigin(float,float)" (__imp_?setOrigin@Transformable@sf@@QEAAXMM@Z)
TextController.obj : error LNK2001: unresolved external symbol "__declspec(dllimport) public: void __cdecl sf::Transformable::setOrigin(float,float)" (__imp_?setOrigin@Transformable@sf@@QEAAXMM@Z)
BulletController.obj : error LNK2001: unresolved external symbol "__declspec(dllimport) public: void __cdecl sf::Transformable::setOrigin(float,float)" (__imp_?setOrigin@Transformable@sf@@QEAAXMM@Z)
EndingController.obj : error LNK2001: unresolved external symbol "__declspec(dllimport) public: void __cdecl sf::Transformable::setOrigin(float,float)" (__imp_?setOrigin@Transformable@sf@@QEAAXMM@Z)
EnemyController.obj : error LNK2001: unresolved external symbol "__declspec(dllimport) public: void __cdecl sf::Transformable::setOrigin(float,float)" (__imp_?setOrigin@Transformable@sf@@QEAAXMM@Z)
MenuController.obj : error LNK2001: unresolved external symbol "__declspec(dllimport) public: void __cdecl sf::Transformable::setOrigin(float,float)" (__imp_?setOrigin@Transformable@sf@@QEAAXMM@Z)
SpriteLoader.obj : error LNK2001: unresolved external symbol "__declspec(dllimport) public: __cdecl sf::Texture::Texture(class sf::Texture const &)" (__imp_??0Texture@sf@@QEAA@AEBV01@@Z)
BulletController.obj : error LNK2001: unresolved external symbol "__declspec(dllimport) public: __cdecl sf::Texture::Texture(class sf::Texture const &)" (__imp_??0Texture@sf@@QEAA@AEBV01@@Z)
EnemyController.obj : error LNK2001: unresolved external symbol "__declspec(dllimport) public: __cdecl sf::Texture::Texture(class sf::Texture const &)" (__imp_??0Texture@sf@@QEAA@AEBV01@@Z)
ParticleController.obj : error LNK2001: unresolved external symbol "__declspec(dllimport) public: __cdecl sf::Texture::Texture(class sf::Texture const &)" (__imp_??0Texture@sf@@QEAA@AEBV01@@Z)
RoomController.obj : error LNK2001: unresolved external symbol "__declspec(dllimport) public: __cdecl sf::Texture::Texture(class sf::Texture const &)" (__imp_??0Texture@sf@@QEAA@AEBV01@@Z)
BulletController.obj : error LNK2019: unresolved external symbol "__declspec(dllimport) public: __cdecl sf::Sprite::Sprite(class sf::Sprite &&)" (__imp_??0Sprite@sf@@QEAA@$$QEAV01@@Z) referenced in function "public: __cdecl Bullet::Bullet(class Bullet &&)" (??0Bullet@@QEAA@$$QEAV0@@Z)
ParticleController.obj : error LNK2001: unresolved external symbol "__declspec(dllimport) public: __cdecl sf::Sprite::Sprite(class sf::Sprite &&)" (__imp_??0Sprite@sf@@QEAA@$$QEAV01@@Z)
Renderer.obj : error LNK2001: unresolved external symbol "__declspec(dllimport) public: __cdecl sf::Sprite::Sprite(class sf::Sprite &&)" (__imp_??0Sprite@sf@@QEAA@$$QEAV01@@Z)
RoomController.obj : error LNK2001: unresolved external symbol "__declspec(dllimport) public: __cdecl sf::Sprite::Sprite(class sf::Sprite &&)" (__imp_??0Sprite@sf@@QEAA@$$QEAV01@@Z)
EndingController.obj : error LNK2019: unresolved external symbol "__declspec(dllimport) public: void __cdecl sf::Transformable::setPosition(class sf::Vector2<float> const &)" (__imp_?setPosition@Transformable@sf@@QEAAXAEBV?$Vector2@M@2@@Z) referenced in function "public: void __cdecl EndingController::Update(void)" (?Update@EndingController@@QEAAXXZ)
RoomController.obj : error LNK2001: unresolved external symbol "__declspec(dllimport) public: void __cdecl sf::Transformable::setPosition(class sf::Vector2<float> const &)" (__imp_?setPosition@Transformable@sf@@QEAAXAEBV?$Vector2@M@2@@Z)
Renderer.obj : error LNK2001: unresolved external symbol "__declspec(dllimport) public: __cdecl sf::Color::Color(unsigned char,unsigned char,unsigned char,unsigned char)" (__imp_??0Color@sf@@QEAA@EEEE@Z)
RoomController.obj : error LNK2001: unresolved external symbol "__declspec(dllimport) public: __cdecl sf::Color::Color(unsigned char,unsigned char,unsigned char,unsigned char)" (__imp_??0Color@sf@@QEAA@EEEE@Z)
EndingController.obj : error LNK2001: unresolved external symbol "__declspec(dllimport) public: __cdecl sf::Color::Color(unsigned char,unsigned char,unsigned char,unsigned char)" (__imp_??0Color@sf@@QEAA@EEEE@Z)
EnemyController.obj : error LNK2001: unresolved external symbol "__declspec(dllimport) public: __cdecl sf::Color::Color(unsigned char,unsigned char,unsigned char,unsigned char)" (__imp_??0Color@sf@@QEAA@EEEE@Z)
MenuController.obj : error LNK2001: unresolved external symbol "__declspec(dllimport) public: __cdecl sf::Color::Color(unsigned char,unsigned char,unsigned char,unsigned char)" (__imp_??0Color@sf@@QEAA@EEEE@Z)
PlayerController.obj : error LNK2001: unresolved external symbol "__declspec(dllimport) public: __cdecl sf::Color::Color(unsigned char,unsigned char,unsigned char,unsigned char)" (__imp_??0Color@sf@@QEAA@EEEE@Z)
EndingController.obj : error LNK2019: unresolved external symbol "__declspec(dllimport) public: void __cdecl sf::View::setCenter(float,float)" (__imp_?setCenter@View@sf@@QEAAXMM@Z) referenced in function "public: void __cdecl EndingController::Update(void)" (?Update@EndingController@@QEAAXXZ)
Game.obj : error LNK2001: unresolved external symbol "__declspec(dllimport) public: void __cdecl sf::View::setCenter(float,float)" (__imp_?setCenter@View@sf@@QEAAXMM@Z)
Renderer.obj : error LNK2001: unresolved external symbol "__declspec(dllimport) public: void __cdecl sf::View::setCenter(float,float)" (__imp_?setCenter@View@sf@@QEAAXMM@Z)
EndingController.obj : error LNK2019: unresolved external symbol "__declspec(dllimport) public: class sf::Rect<float> __cdecl sf::Sprite::getLocalBounds(void)const " (__imp_?getLocalBounds@Sprite@sf@@QEBA?AV?$Rect@M@2@XZ) referenced in function "public: void __cdecl EndingController::Initialise(class GameRenderer *,class SpriteLoader *,class TextController *)" (?Initialise@EndingController@@QEAAXPEAVGameRenderer@@PEAVSpriteLoader@@PEAVTextController@@@Z)
MenuController.obj : error LNK2001: unresolved external symbol "__declspec(dllimport) public: class sf::Rect<float> __cdecl sf::Sprite::getLocalBounds(void)const " (__imp_?getLocalBounds@Sprite@sf@@QEBA?AV?$Rect@M@2@XZ)
EnemyController.obj : error LNK2019: unresolved external symbol "__declspec(dllimport) public: static bool __cdecl sf::Mouse::isButtonPressed(enum sf::Mouse::Button)" (__imp_?isButtonPressed@Mouse@sf@@SA_NW4Button@12@@Z) referenced in function "public: void __cdecl EnemyBase::Update(void)" (?Update@EnemyBase@@QEAAXXZ)
MenuController.obj : error LNK2001: unresolved external symbol "__declspec(dllimport) public: static bool __cdecl sf::Mouse::isButtonPressed(enum sf::Mouse::Button)" (__imp_?isButtonPressed@Mouse@sf@@SA_NW4Button@12@@Z)
PlayerController.obj : error LNK2001: unresolved external symbol "__declspec(dllimport) public: static bool __cdecl sf::Mouse::isButtonPressed(enum sf::Mouse::Button)" (__imp_?isButtonPressed@Mouse@sf@@SA_NW4Button@12@@Z)
EnemyController.obj : error LNK2019: unresolved external symbol "__declspec(dllimport) public: __cdecl sf::VertexArray::VertexArray(enum sf::PrimitiveType,unsigned __int64)" (__imp_??0VertexArray@sf@@QEAA@W4PrimitiveType@1@_K@Z) referenced in function "public: void __cdecl EnemyBase::GenerateViewConeSprite(void)" (?GenerateViewConeSprite@EnemyBase@@QEAAXXZ)
EnemyController.obj : error LNK2019: unresolved external symbol "__declspec(dllimport) public: class sf::Vertex & __cdecl sf::VertexArray::operator[](unsigned __int64)" (__imp_??AVertexArray@sf@@QEAAAEAVVertex@1@_K@Z) referenced in function "public: void __cdecl EnemyBase::GenerateViewConeSprite(void)" (?GenerateViewConeSprite@EnemyBase@@QEAAXXZ)
RoomController.obj : error LNK2001: unresolved external symbol "__declspec(dllimport) public: class sf::Vertex & __cdecl sf::VertexArray::operator[](unsigned __int64)" (__imp_??AVertexArray@sf@@QEAAAEAVVertex@1@_K@Z)
EnemyController.obj : error LNK2019: unresolved external symbol "__declspec(dllimport) public: void __cdecl sf::Shape::setFillColor(class sf::Color const &)" (__imp_?setFillColor@Shape@sf@@QEAAXAEBVColor@2@@Z) referenced in function "public: virtual void __cdecl EnemyGuardBoss::Chase(void)" (?Chase@EnemyGuardBoss@@UEAAXXZ)
Renderer.obj : error LNK2001: unresolved external symbol "__declspec(dllimport) public: void __cdecl sf::Shape::setFillColor(class sf::Color const &)" (__imp_?setFillColor@Shape@sf@@QEAAXAEBVColor@2@@Z)
RoomController.obj : error LNK2001: unresolved external symbol "__declspec(dllimport) public: void __cdecl sf::Shape::setFillColor(class sf::Color const &)" (__imp_?setFillColor@Shape@sf@@QEAAXAEBVColor@2@@Z)
TextController.obj : error LNK2001: unresolved external symbol "__declspec(dllimport) public: void __cdecl sf::Shape::setFillColor(class sf::Color const &)" (__imp_?setFillColor@Shape@sf@@QEAAXAEBVColor@2@@Z)
EnemyController.obj : error LNK2019: unresolved external symbol "__declspec(dllimport) public: void __cdecl sf::Shape::setOutlineColor(class sf::Color const &)" (__imp_?setOutlineColor@Shape@sf@@QEAAXAEBVColor@2@@Z) referenced in function "public: virtual void __cdecl EnemyGuardBoss::Chase(void)" (?Chase@EnemyGuardBoss@@UEAAXXZ)
RoomController.obj : error LNK2001: unresolved external symbol "__declspec(dllimport) public: void __cdecl sf::Shape::setOutlineColor(class sf::Color const &)" (__imp_?setOutlineColor@Shape@sf@@QEAAXAEBVColor@2@@Z)
TextController.obj : error LNK2001: unresolved external symbol "__declspec(dllimport) public: void __cdecl sf::Shape::setOutlineColor(class sf::Color const &)" (__imp_?setOutlineColor@Shape@sf@@QEAAXAEBVColor@2@@Z)
EnemyController.obj : error LNK2019: unresolved external symbol "__declspec(dllimport) public: void __cdecl sf::Shape::setOutlineThickness(float)" (__imp_?setOutlineThickness@Shape@sf@@QEAAXM@Z) referenced in function "public: virtual void __cdecl EnemyGuardBoss::Chase(void)" (?Chase@EnemyGuardBoss@@UEAAXXZ)
RoomController.obj : error LNK2001: unresolved external symbol "__declspec(dllimport) public: void __cdecl sf::Shape::setOutlineThickness(float)" (__imp_?setOutlineThickness@Shape@sf@@QEAAXM@Z)
TextController.obj : error LNK2001: unresolved external symbol "__declspec(dllimport) public: void __cdecl sf::Shape::setOutlineThickness(float)" (__imp_?setOutlineThickness@Shape@sf@@QEAAXM@Z)
EnemyController.obj : error LNK2019: unresolved external symbol "__declspec(dllimport) public: __cdecl sf::RectangleShape::RectangleShape(class sf::Vector2<float> const &)" (__imp_??0RectangleShape@sf@@QEAA@AEBV?$Vector2@M@1@@Z) referenced in function "public: virtual void __cdecl EnemyGuardBoss::Chase(void)" (?Chase@EnemyGuardBoss@@UEAAXXZ)
Renderer.obj : error LNK2001: unresolved external symbol "__declspec(dllimport) public: __cdecl sf::RectangleShape::RectangleShape(class sf::Vector2<float> const &)" (__imp_??0RectangleShape@sf@@QEAA@AEBV?$Vector2@M@1@@Z)
RoomController.obj : error LNK2001: unresolved external symbol "__declspec(dllimport) public: __cdecl sf::RectangleShape::RectangleShape(class sf::Vector2<float> const &)" (__imp_??0RectangleShape@sf@@QEAA@AEBV?$Vector2@M@1@@Z)
TextController.obj : error LNK2001: unresolved external symbol "__declspec(dllimport) public: __cdecl sf::RectangleShape::RectangleShape(class sf::Vector2<float> const &)" (__imp_??0RectangleShape@sf@@QEAA@AEBV?$Vector2@M@1@@Z)
EnemyController.obj : error LNK2019: unresolved external symbol "__declspec(dllimport) public: void __cdecl sf::RectangleShape::setSize(class sf::Vector2<float> const &)" (__imp_?setSize@RectangleShape@sf@@QEAAXAEBV?$Vector2@M@2@@Z) referenced in function "public: virtual void __cdecl EnemyGuardBoss::Chase(void)" (?Chase@EnemyGuardBoss@@UEAAXXZ)
Renderer.obj : error LNK2001: unresolved external symbol "__declspec(dllimport) public: void __cdecl sf::RectangleShape::setSize(class sf::Vector2<float> const &)" (__imp_?setSize@RectangleShape@sf@@QEAAXAEBV?$Vector2@M@2@@Z)
RoomController.obj : error LNK2001: unresolved external symbol "__declspec(dllimport) public: void __cdecl sf::RectangleShape::setSize(class sf::Vector2<float> const &)" (__imp_?setSize@RectangleShape@sf@@QEAAXAEBV?$Vector2@M@2@@Z)
TextController.obj : error LNK2001: unresolved external symbol "__declspec(dllimport) public: void __cdecl sf::RectangleShape::setSize(class sf::Vector2<float> const &)" (__imp_?setSize@RectangleShape@sf@@QEAAXAEBV?$Vector2@M@2@@Z)
EnemyController.obj : error LNK2019: unresolved external symbol "__declspec(dllimport) public: virtual __cdecl sf::RectangleShape::~RectangleShape(void)" (__imp_??1RectangleShape@sf@@UEAA@XZ) referenced in function "public: virtual void __cdecl EnemyGuardBoss::Chase(void)" (?Chase@EnemyGuardBoss@@UEAAXXZ)
Renderer.obj : error LNK2001: unresolved external symbol "__declspec(dllimport) public: virtual __cdecl sf::RectangleShape::~RectangleShape(void)" (__imp_??1RectangleShape@sf@@UEAA@XZ)
RoomController.obj : error LNK2001: unresolved external symbol "__declspec(dllimport) public: virtual __cdecl sf::RectangleShape::~RectangleShape(void)" (__imp_??1RectangleShape@sf@@UEAA@XZ)
TextController.obj : error LNK2001: unresolved external symbol "__declspec(dllimport) public: virtual __cdecl sf::RectangleShape::~RectangleShape(void)" (__imp_??1RectangleShape@sf@@UEAA@XZ)
EnemyController.obj : error LNK2019: unresolved external symbol "__declspec(dllimport) public: void __cdecl sf::RenderTexture::display(void)" (__imp_?display@RenderTexture@sf@@QEAAXXZ) referenced in function "public: virtual void __cdecl EnemyGuardBoss::Chase(void)" (?Chase@EnemyGuardBoss@@UEAAXXZ)
EnemyController.obj : error LNK2019: unresolved external symbol "__declspec(dllimport) public: class sf::Rect<float> __cdecl sf::Sprite::getGlobalBounds(void)const " (__imp_?getGlobalBounds@Sprite@sf@@QEBA?AV?$Rect@M@2@XZ) referenced in function "public: void __cdecl EnemyBase::GenerateViewConeSprite(void)" (?GenerateViewConeSprite@EnemyBase@@QEAAXXZ)
MenuController.obj : error LNK2001: unresolved external symbol "__declspec(dllimport) public: class sf::Rect<float> __cdecl sf::Sprite::getGlobalBounds(void)const " (__imp_?getGlobalBounds@Sprite@sf@@QEBA?AV?$Rect@M@2@XZ)
PlayerController.obj : error LNK2001: unresolved external symbol "__declspec(dllimport) public: class sf::Rect<float> __cdecl sf::Sprite::getGlobalBounds(void)const " (__imp_?getGlobalBounds@Sprite@sf@@QEBA?AV?$Rect@M@2@XZ)
TextController.obj : error LNK2001: unresolved external symbol "__declspec(dllimport) public: class sf::Rect<float> __cdecl sf::Sprite::getGlobalBounds(void)const " (__imp_?getGlobalBounds@Sprite@sf@@QEBA?AV?$Rect@M@2@XZ)
EnemyController.obj : error LNK2019: unresolved external symbol "__declspec(dllimport) public: void __cdecl sf::SoundStream::setLoop(bool)" (__imp_?setLoop@SoundStream@sf@@QEAAX_N@Z) referenced in function "public: void __cdecl EnemyController::Update(void)" (?Update@EnemyController@@QEAAXXZ)
RoomController.obj : error LNK2001: unresolved external symbol "__declspec(dllimport) public: void __cdecl sf::SoundStream::setLoop(bool)" (__imp_?setLoop@SoundStream@sf@@QEAAX_N@Z)
EnemyController.obj : error LNK2019: unresolved external symbol "__declspec(dllimport) public: bool __cdecl sf::Music::openFromFile(class std::basic_string<char,struct std::char_traits<char>,class std::allocator<char> > const &)" (__imp_?openFromFile@Music@sf@@QEAA_NAEBV?$basic_string@DU?$char_traits@D@std@@V?$allocator@D@2@@std@@@Z) referenced in function "public: void __cdecl EnemyController::Initialise(class GameRenderer *,class SpriteLoader *,class PlayerController *,class RoomController *,class TextController *,class BackgroundController *)" (?Initialise@EnemyController@@QEAAXPEAVGameRenderer@@PEAVSpriteLoader@@PEAVPlayerController@@PEAVRoomController@@PEAVTextController@@PEAVBackgroundController@@@Z)
RoomController.obj : error LNK2001: unresolved external symbol "__declspec(dllimport) public: bool __cdecl sf::Music::openFromFile(class std::basic_string<char,struct std::char_traits<char>,class std::allocator<char> > const &)" (__imp_?openFromFile@Music@sf@@QEAA_NAEBV?$basic_string@DU?$char_traits@D@std@@V?$allocator@D@2@@std@@@Z)
EnemyController.obj : error LNK2019: unresolved external symbol "__declspec(dllimport) public: static class sf::Color const sf::Color::Black" (__imp_?Black@Color@sf@@2V12@B) referenced in function "public: virtual void __cdecl EnemyGuardBoss::Chase(void)" (?Chase@EnemyGuardBoss@@UEAAXXZ)
RoomController.obj : error LNK2001: unresolved external symbol "__declspec(dllimport) public: static class sf::Color const sf::Color::Black" (__imp_?Black@Color@sf@@2V12@B)
TextController.obj : error LNK2001: unresolved external symbol "__declspec(dllimport) public: static class sf::Color const sf::Color::Black" (__imp_?Black@Color@sf@@2V12@B)
EnemyController.obj : error LNK2019: unresolved external symbol "__declspec(dllimport) public: static class sf::Color const sf::Color::Red" (__imp_?Red@Color@sf@@2V12@B) referenced in function "public: void __cdecl EnemyBase::Update(void)" (?Update@EnemyBase@@QEAAXXZ)
EnemyController.obj : error LNK2019: unresolved external symbol "__declspec(dllimport) public: static class sf::Color const sf::Color::Yellow" (__imp_?Yellow@Color@sf@@2V12@B) referenced in function "public: void __cdecl EnemyBase::Update(void)" (?Update@EnemyBase@@QEAAXXZ)
Game.obj : error LNK2019: unresolved external symbol "__declspec(dllimport) public: static bool __cdecl sf::Keyboard::isKeyPressed(enum sf::Keyboard::Key)" (__imp_?isKeyPressed@Keyboard@sf@@SA_NW4Key@12@@Z) referenced in function "public: void __cdecl Game::Update(void)" (?Update@Game@@QEAAXXZ)
PlayerController.obj : error LNK2001: unresolved external symbol "__declspec(dllimport) public: static bool __cdecl sf::Keyboard::isKeyPressed(enum sf::Keyboard::Key)" (__imp_?isKeyPressed@Keyboard@sf@@SA_NW4Key@12@@Z)
Renderer.obj : error LNK2001: unresolved external symbol "__declspec(dllimport) public: static bool __cdecl sf::Keyboard::isKeyPressed(enum sf::Keyboard::Key)" (__imp_?isKeyPressed@Keyboard@sf@@SA_NW4Key@12@@Z)
MenuController.obj : error LNK2019: unresolved external symbol "__declspec(dllimport) public: __cdecl sf::String::String(class std::basic_string<char,struct std::char_traits<char>,class std::allocator<char> > const &,class std::locale const &)" (__imp_??0String@sf@@QEAA@AEBV?$basic_string@DU?$char_traits@D@std@@V?$allocator@D@2@@std@@AEBVlocale@3@@Z) referenced in function "public: void __cdecl MenuButton::Initialise(class GameRenderer *,class std::basic_string<char,struct std::char_traits<char>,class std::allocator<char> >,class Game *,int,int,class TextController *)" (?Initialise@MenuButton@@QEAAXPEAVGameRenderer@@V?$basic_string@DU?$char_traits@D@std@@V?$allocator@D@2@@std@@PEAVGame@@HHPEAVTextController@@@Z)
TextController.obj : error LNK2001: unresolved external symbol "__declspec(dllimport) public: __cdecl sf::String::String(class std::basic_string<char,struct std::char_traits<char>,class std::allocator<char> > const &,class std::locale const &)" (__imp_??0String@sf@@QEAA@AEBV?$basic_string@DU?$char_traits@D@std@@V?$allocator@D@2@@std@@AEBVlocale@3@@Z)
MenuController.obj : error LNK2019: unresolved external symbol "__declspec(dllimport) public: __cdecl sf::String::~String(void)" (__imp_??1String@sf@@QEAA@XZ) referenced in function "public: void __cdecl MenuButton::Initialise(class GameRenderer *,class std::basic_string<char,struct std::char_traits<char>,class std::allocator<char> >,class Game *,int,int,class TextController *)" (?Initialise@MenuButton@@QEAAXPEAVGameRenderer@@V?$basic_string@DU?$char_traits@D@std@@V?$allocator@D@2@@std@@PEAVGame@@HHPEAVTextController@@@Z)
Renderer.obj : error LNK2001: unresolved external symbol "__declspec(dllimport) public: __cdecl sf::String::~String(void)" (__imp_??1String@sf@@QEAA@XZ)
TextController.obj : error LNK2001: unresolved external symbol "__declspec(dllimport) public: __cdecl sf::String::~String(void)" (__imp_??1String@sf@@QEAA@XZ)
MenuController.obj : error LNK2019: unresolved external symbol "__declspec(dllimport) public: bool __cdecl sf::Font::loadFromFile(class std::basic_string<char,struct std::char_traits<char>,class std::allocator<char> > const &)" (__imp_?loadFromFile@Font@sf@@QEAA_NAEBV?$basic_string@DU?$char_traits@D@std@@V?$allocator@D@2@@std@@@Z) referenced in function "public: void __cdecl MenuButton::Initialise(class GameRenderer *,class std::basic_string<char,struct std::char_traits<char>,class std::allocator<char> >,class Game *,int,int,class TextController *)" (?Initialise@MenuButton@@QEAAXPEAVGameRenderer@@V?$basic_string@DU?$char_traits@D@std@@V?$allocator@D@2@@std@@PEAVGame@@HHPEAVTextController@@@Z)
TextController.obj : error LNK2001: unresolved external symbol "__declspec(dllimport) public: bool __cdecl sf::Font::loadFromFile(class std::basic_string<char,struct std::char_traits<char>,class std::allocator<char> > const &)" (__imp_?loadFromFile@Font@sf@@QEAA_NAEBV?$basic_string@DU?$char_traits@D@std@@V?$allocator@D@2@@std@@@Z)
MenuController.obj : error LNK2019: unresolved external symbol "__declspec(dllimport) public: void __cdecl sf::RenderTarget::clear(class sf::Color const &)" (__imp_?clear@RenderTarget@sf@@QEAAXAEBVColor@2@@Z) referenced in function "public: void __cdecl MenuButton::Update(void)" (?Update@MenuButton@@QEAAXXZ)
Renderer.obj : error LNK2001: unresolved external symbol "__declspec(dllimport) public: void __cdecl sf::RenderTarget::clear(class sf::Color const &)" (__imp_?clear@RenderTarget@sf@@QEAAXAEBVColor@2@@Z)
RoomController.obj : error LNK2001: unresolved external symbol "__declspec(dllimport) public: void __cdecl sf::RenderTarget::clear(class sf::Color const &)" (__imp_?clear@RenderTarget@sf@@QEAAXAEBVColor@2@@Z)
TextController.obj : error LNK2001: unresolved external symbol "__declspec(dllimport) public: void __cdecl sf::RenderTarget::clear(class sf::Color const &)" (__imp_?clear@RenderTarget@sf@@QEAAXAEBVColor@2@@Z)
    Hint on symbols that are defined and could potentially match:
      "__declspec(dllimport) public: void __cdecl std::basic_ios<char,struct std::char_traits<char> >::clear(int,bool)" (__imp_?clear@?$basic_ios@DU?$char_traits@D@std@@@std@@QEAAXH_N@Z)
MenuController.obj : error LNK2019: unresolved external symbol "__declspec(dllimport) public: class sf::Vector2<float> __cdecl sf::RenderTarget::mapPixelToCoords(class sf::Vector2<int> const &)const " (__imp_?mapPixelToCoords@RenderTarget@sf@@QEBA?AV?$Vector2@M@2@AEBV?$Vector2@H@2@@Z) referenced in function "public: void __cdecl MenuButton::Update(void)" (?Update@MenuButton@@QEAAXXZ)
PlayerController.obj : error LNK2001: unresolved external symbol "__declspec(dllimport) public: class sf::Vector2<float> __cdecl sf::RenderTarget::mapPixelToCoords(class sf::Vector2<int> const &)const " (__imp_?mapPixelToCoords@RenderTarget@sf@@QEBA?AV?$Vector2@M@2@AEBV?$Vector2@H@2@@Z)
MenuController.obj : error LNK2019: unresolved external symbol "__declspec(dllimport) public: void __cdecl sf::Text::setString(class sf::String const &)" (__imp_?setString@Text@sf@@QEAAXAEBVString@2@@Z) referenced in function "public: void __cdecl MenuButton::Initialise(class GameRenderer *,class std::basic_string<char,struct std::char_traits<char>,class std::allocator<char> >,class Game *,int,int,class TextController *)" (?Initialise@MenuButton@@QEAAXPEAVGameRenderer@@V?$basic_string@DU?$char_traits@D@std@@V?$allocator@D@2@@std@@PEAVGame@@HHPEAVTextController@@@Z)
TextController.obj : error LNK2001: unresolved external symbol "__declspec(dllimport) public: void __cdecl sf::Text::setString(class sf::String const &)" (__imp_?setString@Text@sf@@QEAAXAEBVString@2@@Z)
MenuController.obj : error LNK2019: unresolved external symbol "__declspec(dllimport) public: void __cdecl sf::Text::setFont(class sf::Font const &)" (__imp_?setFont@Text@sf@@QEAAXAEBVFont@2@@Z) referenced in function "public: void __cdecl MenuButton::Initialise(class GameRenderer *,class std::basic_string<char,struct std::char_traits<char>,class std::allocator<char> >,class Game *,int,int,class TextController *)" (?Initialise@MenuButton@@QEAAXPEAVGameRenderer@@V?$basic_string@DU?$char_traits@D@std@@V?$allocator@D@2@@std@@PEAVGame@@HHPEAVTextController@@@Z)
TextController.obj : error LNK2001: unresolved external symbol "__declspec(dllimport) public: void __cdecl sf::Text::setFont(class sf::Font const &)" (__imp_?setFont@Text@sf@@QEAAXAEBVFont@2@@Z)
MenuController.obj : error LNK2019: unresolved external symbol "__declspec(dllimport) public: void __cdecl sf::Text::setFillColor(class sf::Color const &)" (__imp_?setFillColor@Text@sf@@QEAAXAEBVColor@2@@Z) referenced in function "public: void __cdecl MenuButton::Initialise(class GameRenderer *,class std::basic_string<char,struct std::char_traits<char>,class std::allocator<char> >,class Game *,int,int,class TextController *)" (?Initialise@MenuButton@@QEAAXPEAVGameRenderer@@V?$basic_string@DU?$char_traits@D@std@@V?$allocator@D@2@@std@@PEAVGame@@HHPEAVTextController@@@Z)
MenuController.obj : error LNK2019: unresolved external symbol "__declspec(dllimport) public: class sf::Rect<float> __cdecl sf::Text::getGlobalBounds(void)const " (__imp_?getGlobalBounds@Text@sf@@QEBA?AV?$Rect@M@2@XZ) referenced in function "public: void __cdecl MenuButton::Initialise(class GameRenderer *,class std::basic_string<char,struct std::char_traits<char>,class std::allocator<char> >,class Game *,int,int,class TextController *)" (?Initialise@MenuButton@@QEAAXPEAVGameRenderer@@V?$basic_string@DU?$char_traits@D@std@@V?$allocator@D@2@@std@@PEAVGame@@HHPEAVTextController@@@Z)
MenuController.obj : error LNK2019: unresolved external symbol "__declspec(dllimport) public: virtual __cdecl sf::Text::~Text(void)" (__imp_??1Text@sf@@UEAA@XZ) referenced in function "int `public: __cdecl MenuButton::MenuButton(void)'::`1'::dtor$1" (?dtor$1@?0???0MenuButton@@QEAA@XZ@4HA)
MenuController.obj : error LNK2019: unresolved external symbol "__declspec(dllimport) public: static class sf::Color const sf::Color::Transparent" (__imp_?Transparent@Color@sf@@2V12@B) referenced in function "public: void __cdecl MenuButton::Update(void)" (?Update@MenuButton@@QEAAXXZ)
RoomController.obj : error LNK2001: unresolved external symbol "__declspec(dllimport) public: static class sf::Color const sf::Color::Transparent" (__imp_?Transparent@Color@sf@@2V12@B)
TextController.obj : error LNK2001: unresolved external symbol "__declspec(dllimport) public: static class sf::Color const sf::Color::Transparent" (__imp_?Transparent@Color@sf@@2V12@B)
ParticleController.obj : error LNK2019: unresolved external symbol "__declspec(dllimport) public: __cdecl sf::Color::Color(void)" (__imp_??0Color@sf@@QEAA@XZ) referenced in function "public: __cdecl Particle::Particle(void)" (??0Particle@@QEAA@XZ)
ParticleController.obj : error LNK2019: unresolved external symbol "__declspec(dllimport) public: class sf::Sprite & __cdecl sf::Sprite::operator=(class sf::Sprite const &)" (__imp_??4Sprite@sf@@QEAAAEAV01@AEBV01@@Z) referenced in function "public: void __cdecl Particle::Set(double,double,double,double,double,double,double,double,class sf::Color)" (?Set@Particle@@QEAAXNNNNNNNNVColor@sf@@@Z)
Renderer.obj : error LNK2001: unresolved external symbol "__declspec(dllimport) public: class sf::Sprite & __cdecl sf::Sprite::operator=(class sf::Sprite const &)" (__imp_??4Sprite@sf@@QEAAAEAV01@AEBV01@@Z)
PlayerController.obj : error LNK2019: unresolved external symbol "__declspec(dllimport) public: static class sf::Vector2<int> __cdecl sf::Mouse::getPosition(class sf::Window const &)" (__imp_?getPosition@Mouse@sf@@SA?AV?$Vector2@H@2@AEBVWindow@2@@Z) referenced in function "public: void __cdecl Player::Update(void)" (?Update@Player@@QEAAXXZ)
Renderer.obj : error LNK2019: unresolved external symbol "__declspec(dllimport) public: __cdecl sf::String::String(char const *,class std::locale const &)" (__imp_??0String@sf@@QEAA@PEBDAEBVlocale@std@@@Z) referenced in function "public: void __cdecl GameRenderer::Initialise(int,int)" (?Initialise@GameRenderer@@QEAAXHH@Z)
TextController.obj : error LNK2001: unresolved external symbol "__declspec(dllimport) public: __cdecl sf::String::String(char const *,class std::locale const &)" (__imp_??0String@sf@@QEAA@PEBDAEBVlocale@std@@@Z)
Renderer.obj : error LNK2019: unresolved external symbol "__declspec(dllimport) public: __cdecl sf::VideoMode::VideoMode(unsigned int,unsigned int,unsigned int)" (__imp_??0VideoMode@sf@@QEAA@III@Z) referenced in function "public: void __cdecl GameRenderer::Initialise(int,int)" (?Initialise@GameRenderer@@QEAAXHH@Z)
Renderer.obj : error LNK2019: unresolved external symbol "__declspec(dllimport) public: void __cdecl sf::Window::create(class sf::VideoMode,class sf::String const &,unsigned int,struct sf::ContextSettings const &)" (__imp_?create@Window@sf@@QEAAXVVideoMode@2@AEBVString@2@IAEBUContextSettings@2@@Z) referenced in function "public: void __cdecl GameRenderer::Initialise(int,int)" (?Initialise@GameRenderer@@QEAAXHH@Z)
Renderer.obj : error LNK2019: unresolved external symbol "__declspec(dllimport) public: void __cdecl sf::Window::close(void)" (__imp_?close@Window@sf@@QEAAXXZ) referenced in function "public: void __cdecl GameRenderer::Poll(void)" (?Poll@GameRenderer@@QEAAXXZ)
Renderer.obj : error LNK2019: unresolved external symbol "__declspec(dllimport) public: bool __cdecl sf::Window::isOpen(void)const " (__imp_?isOpen@Window@sf@@QEBA_NXZ) referenced in function "public: bool __cdecl GameRenderer::IsOpen(void)" (?IsOpen@GameRenderer@@QEAA_NXZ)
Renderer.obj : error LNK2019: unresolved external symbol "__declspec(dllimport) public: bool __cdecl sf::Window::pollEvent(class sf::Event &)" (__imp_?pollEvent@Window@sf@@QEAA_NAEAVEvent@2@@Z) referenced in function "public: void __cdecl GameRenderer::Poll(void)" (?Poll@GameRenderer@@QEAAXXZ)
Renderer.obj : error LNK2019: unresolved external symbol "__declspec(dllimport) public: void __cdecl sf::Window::setFramerateLimit(unsigned int)" (__imp_?setFramerateLimit@Window@sf@@QEAAXI@Z) referenced in function "public: void __cdecl GameRenderer::SetFrameRate(int)" (?SetFrameRate@GameRenderer@@QEAAXH@Z)
Renderer.obj : error LNK2019: unresolved external symbol "__declspec(dllimport) public: void __cdecl sf::Window::display(void)" (__imp_?display@Window@sf@@QEAAXXZ) referenced in function "public: void __cdecl GameRenderer::Display(void)" (?Display@GameRenderer@@QEAAXXZ)
Renderer.obj : error LNK2019: unresolved external symbol "__declspec(dllimport) public: void __cdecl sf::View::setSize(float,float)" (__imp_?setSize@View@sf@@QEAAXMM@Z) referenced in function "public: void __cdecl GameRenderer::Initialise(int,int)" (?Initialise@GameRenderer@@QEAAXHH@Z)
Renderer.obj : error LNK2019: unresolved external symbol "__declspec(dllimport) public: void __cdecl sf::View::setViewport(class sf::Rect<float> const &)" (__imp_?setViewport@View@sf@@QEAAXAEBV?$Rect@M@2@@Z) referenced in function "public: class sf::View __cdecl GameRenderer::getLetterboxView(class sf::View,int,int)" (?getLetterboxView@GameRenderer@@QEAA?AVView@sf@@V23@HH@Z)
Renderer.obj : error LNK2019: unresolved external symbol "__declspec(dllimport) public: class sf::Vector2<float> const & __cdecl sf::View::getCenter(void)const " (__imp_?getCenter@View@sf@@QEBAAEBV?$Vector2@M@2@XZ) referenced in function "public: class sf::Vector2<float> __cdecl GameRenderer::GetViewPosition(void)" (?GetViewPosition@GameRenderer@@QEAA?AV?$Vector2@M@sf@@XZ)
Renderer.obj : error LNK2019: unresolved external symbol "__declspec(dllimport) public: class sf::Vector2<float> const & __cdecl sf::View::getSize(void)const " (__imp_?getSize@View@sf@@QEBAAEBV?$Vector2@M@2@XZ) referenced in function "public: void __cdecl GameRenderer::Display(void)" (?Display@GameRenderer@@QEAAXXZ)
Renderer.obj : error LNK2019: unresolved external symbol "__declspec(dllimport) public: void __cdecl sf::View::zoom(float)" (__imp_?zoom@View@sf@@QEAAXM@Z) referenced in function "public: void __cdecl GameRenderer::Display(void)" (?Display@GameRenderer@@QEAAXXZ)
Renderer.obj : error LNK2019: unresolved external symbol "__declspec(dllimport) public: void __cdecl sf::RenderTarget::setView(class sf::View const &)" (__imp_?setView@RenderTarget@sf@@QEAAXAEBVView@2@@Z) referenced in function "public: void __cdecl GameRenderer::UpdateView(void)" (?UpdateView@GameRenderer@@QEAAXXZ)
RoomController.obj : error LNK2019: unresolved external symbol "__declspec(dllimport) public: void __cdecl sf::Transformable::setOrigin(class sf::Vector2<float> const &)" (__imp_?setOrigin@Transformable@sf@@QEAAXAEBV?$Vector2@M@2@@Z) referenced in function "public: void __cdecl Door::Initialise(class sf::Texture *,int,int)" (?Initialise@Door@@QEAAXPEAVTexture@sf@@HH@Z)
RoomController.obj : error LNK2019: unresolved external symbol "__declspec(dllimport) public: class sf::Vector2<float> const & __cdecl sf::Transformable::getPosition(void)const " (__imp_?getPosition@Transformable@sf@@QEBAAEBV?$Vector2@M@2@XZ) referenced in function "public: void __cdecl Door::Initialise(class sf::Texture *,int,int)" (?Initialise@Door@@QEAAXPEAVTexture@sf@@HH@Z)
RoomController.obj : error LNK2019: unresolved external symbol "__declspec(dllimport) public: class sf::Vector2<float> const & __cdecl sf::Transformable::getScale(void)const " (__imp_?getScale@Transformable@sf@@QEBAAEBV?$Vector2@M@2@XZ) referenced in function "public: void __cdecl Door::Initialise(class sf::Texture *,int,int)" (?Initialise@Door@@QEAAXPEAVTexture@sf@@HH@Z)
RoomController.obj : error LNK2019: unresolved external symbol "__declspec(dllimport) public: void __cdecl sf::Transformable::rotate(float)" (__imp_?rotate@Transformable@sf@@QEAAXM@Z) referenced in function "public: void __cdecl Door::Initialise(class sf::Texture *,int,int)" (?Initialise@Door@@QEAAXPEAVTexture@sf@@HH@Z)
RoomController.obj : error LNK2019: unresolved external symbol "__declspec(dllimport) public: void __cdecl sf::VertexArray::clear(void)" (__imp_?clear@VertexArray@sf@@QEAAXXZ) referenced in function "public: void __cdecl RoomController::LoadRoom(void)" (?LoadRoom@RoomController@@QEAAXXZ)
    Hint on symbols that are defined and could potentially match:
      "__declspec(dllimport) public: void __cdecl std::basic_ios<char,struct std::char_traits<char> >::clear(int,bool)" (__imp_?clear@?$basic_ios@DU?$char_traits@D@std@@@std@@QEAAXH_N@Z)
RoomController.obj : error LNK2019: unresolved external symbol "__declspec(dllimport) public: void __cdecl sf::VertexArray::resize(unsigned __int64)" (__imp_?resize@VertexArray@sf@@QEAAX_K@Z) referenced in function "public: void __cdecl RoomController::LoadRoom(void)" (?LoadRoom@RoomController@@QEAAXXZ)
RoomController.obj : error LNK2019: unresolved external symbol "__declspec(dllimport) public: void __cdecl sf::VertexArray::setPrimitiveType(enum sf::PrimitiveType)" (__imp_?setPrimitiveType@VertexArray@sf@@QEAAXW4PrimitiveType@2@@Z) referenced in function "public: void __cdecl RoomController::Initialise(class GameRenderer *,class SpriteLoader *)" (?Initialise@RoomController@@QEAAXPEAVGameRenderer@@PEAVSpriteLoader@@@Z)
RoomController.obj : error LNK2019: unresolved external symbol "__declspec(dllimport) public: class sf::Vector2<unsigned int> __cdecl sf::Texture::getSize(void)const " (__imp_?getSize@Texture@sf@@QEBA?AV?$Vector2@I@2@XZ) referenced in function "public: void __cdecl RoomController::Update(void)" (?Update@RoomController@@QEAAXXZ)
RoomController.obj : error LNK2019: unresolved external symbol "__declspec(dllimport) public: class sf::Vector2<float> const & __cdecl sf::RectangleShape::getSize(void)const " (__imp_?getSize@RectangleShape@sf@@QEBAAEBV?$Vector2@M@2@XZ) referenced in function "public: void __cdecl RoomController::Update(void)" (?Update@RoomController@@QEAAXXZ)
RoomController.obj : error LNK2019: unresolved external symbol "__declspec(dllimport) public: static class sf::Color const sf::Color::Blue" (__imp_?Blue@Color@sf@@2V12@B) referenced in function "public: void __cdecl RoomController::Update(void)" (?Update@RoomController@@QEAAXXZ)
SpriteLoader.obj : error LNK2019: unresolved external symbol "__declspec(dllimport) public: bool __cdecl sf::Texture::loadFromFile(class std::basic_string<char,struct std::char_traits<char>,class std::allocator<char> > const &,class sf::Rect<int> const &)" (__imp_?loadFromFile@Texture@sf@@QEAA_NAEBV?$basic_string@DU?$char_traits@D@std@@V?$allocator@D@2@@std@@AEBV?$Rect@H@2@@Z) referenced in function "public: class sf::Texture __cdecl SpriteLoader::LoadTextureFromImage(class std::basic_string<char,struct std::char_traits<char>,class std::allocator<char> >)" (?LoadTextureFromImage@SpriteLoader@@QEAA?AVTexture@sf@@V?$basic_string@DU?$char_traits@D@std@@V?$allocator@D@2@@std@@@Z)
TextController.obj : error LNK2019: unresolved external symbol "__declspec(dllimport) public: void __cdecl sf::Text::setCharacterSize(unsigned int)" (__imp_?setCharacterSize@Text@sf@@QEAAXI@Z) referenced in function "public: void __cdecl TextController::Update(void)" (?Update@TextController@@QEAAXXZ)
C:\cgt\cgt-lib\SFML-2.5.1\lib\sfml-graphics-d.lib : warning LNK4272: library machine type 'x86' conflicts with target machine type 'x64'
C:\cgt\cgt-lib\SFML-2.5.1\lib\sfml-window-d.lib : warning LNK4272: library machine type 'x86' conflicts with target machine type 'x64'
C:\cgt\cgt-lib\SFML-2.5.1\lib\sfml-system-d.lib : warning LNK4272: library machine type 'x86' conflicts with target machine type 'x64'
C:\cgt\cgt-lib\SFML-2.5.1\lib\sfml-audio-d.lib : warning LNK4272: library machine type 'x86' conflicts with target machine type 'x64'
C:\Users\CSMJCHAL\OneDrive - Liverpool John Moores University\Semester 2\Maths and Graphics\Assignment 1\SFML-Assignment-1\Assignment 1\x64\Debug\Assignment 1.exe : fatal error LNK1120: 99 unresolved externals
